2025-12-02 17:41:07 0 [Note] Starting MariaDB 10.4.32-MariaDB source revision c4143f909528e3fab0677a28631d10389354c491 as process 6088
2025-12-02 17:41:07 0 [Note] InnoDB: Mutexes and rw_locks use Windows interlocked functions
2025-12-02 17:41:07 0 [Note] InnoDB: Uses event mutexes
2025-12-02 17:41:07 0 [Note] InnoDB: Compressed tables use zlib 1.3
2025-12-02 17:41:07 0 [Note] InnoDB: Number of pools: 1
2025-12-02 17:41:07 0 [Note] InnoDB: Using SSE2 crc32 instructions
2025-12-02 17:41:07 0 [Note] InnoDB: Initializing buffer pool, total size = 128M, instances = 1, chunk size = 128M
2025-12-02 17:41:07 0 [Note] InnoDB: Completed initialization of buffer pool
2025-12-02 17:41:08 0 [Note] InnoDB: 128 out of 128 rollback segments are active.
2025-12-02 17:41:08 0 [Note] InnoDB: Creating shared tablespace for temporary tables
2025-12-02 17:41:08 0 [Note] InnoDB: Setting file '.\ibtmp1' size to 12 MB. Physically writing the file full; Please wait ...
2025-12-02 17:41:08 0 [Note] InnoDB: File '.\ibtmp1' size is now 12 MB.
2025-12-02 17:41:08 0 [Note] InnoDB: Waiting for purge to start
2025-12-02 17:41:08 0 [Note] InnoDB: 10.4.32 started; log sequence number 2423847; transaction id 5372
2025-12-02 17:41:08 0 [Note] InnoDB: Loading buffer pool(s) from c:\xampp\mysql\data\ib_buffer_pool
2025-12-02 17:41:08 0 [Note] Plugin 'FEEDBACK' is disabled.
2025-12-02 17:41:08 0 [Note] Server socket created on IP: '::'.
2025-12-02 17:54:02 0 [Note] Starting MariaDB 10.4.32-MariaDB source revision c4143f909528e3fab0677a28631d10389354c491 as process 3628
2025-12-02 17:54:02 0 [Note] InnoDB: Mutexes and rw_locks use Windows interlocked functions
2025-12-02 17:54:02 0 [Note] InnoDB: Uses event mutexes
2025-12-02 17:54:02 0 [Note] InnoDB: Compressed tables use zlib 1.3
2025-12-02 17:54:02 0 [Note] InnoDB: Number of pools: 1
2025-12-02 17:54:02 0 [Note] InnoDB: Using SSE2 crc32 instructions
2025-12-02 17:54:02 0 [Note] InnoDB: Initializing buffer pool, total size = 128M, instances = 1, chunk size = 128M
2025-12-02 17:54:02 0 [Note] InnoDB: Completed initialization of buffer pool
2025-12-02 17:54:02 0 [Note] InnoDB: 128 out of 128 rollback segments are active.
2025-12-02 17:54:02 0 [Note] InnoDB: Creating shared tablespace for temporary tables
2025-12-02 17:54:02 0 [Note] InnoDB: Setting file '.\ibtmp1' size to 12 MB. Physically writing the file full; Please wait ...
2025-12-02 17:54:02 0 [Note] InnoDB: File '.\ibtmp1' size is now 12 MB.
2025-12-02 17:54:02 0 [Note] InnoDB: Waiting for purge to start
2025-12-02 17:54:02 0 [Note] InnoDB: 10.4.32 started; log sequence number 2423865; transaction id 5372
2025-12-02 17:54:02 0 [Note] InnoDB: Loading buffer pool(s) from c:\xampp\mysql\data\ib_buffer_pool
2025-12-02 17:54:02 0 [Note] Plugin 'FEEDBACK' is disabled.
2025-12-02 17:54:02 0 [Note] Server socket created on IP: '::'.
2025-12-02 17:54:28 0 [Note] Starting MariaDB 10.4.32-MariaDB source revision c4143f909528e3fab0677a28631d10389354c491 as process 10420
2025-12-02 17:54:28 0 [Note] InnoDB: Mutexes and rw_locks use Windows interlocked functions
2025-12-02 17:54:28 0 [Note] InnoDB: Uses event mutexes
2025-12-02 17:54:28 0 [Note] InnoDB: Compressed tables use zlib 1.3
2025-12-02 17:54:28 0 [Note] InnoDB: Number of pools: 1
2025-12-02 17:54:28 0 [Note] InnoDB: Using SSE2 crc32 instructions
2025-12-02 17:54:28 0 [Note] InnoDB: Initializing buffer pool, total size = 128M, instances = 1, chunk size = 128M
2025-12-02 17:54:28 0 [Note] InnoDB: Completed initialization of buffer pool
2025-12-02 17:54:28 0 [Note] InnoDB: 128 out of 128 rollback segments are active.
2025-12-02 17:54:28 0 [Note] InnoDB: Removed temporary tablespace data file: "ibtmp1"
2025-12-02 17:54:28 0 [Note] InnoDB: Creating shared tablespace for temporary tables
2025-12-02 17:54:28 0 [Note] InnoDB: Setting file '.\ibtmp1' size to 12 MB. Physically writing the file full; Please wait ...
2025-12-02 17:54:28 0 [Note] InnoDB: File '.\ibtmp1' size is now 12 MB.
2025-12-02 17:54:28 0 [Note] InnoDB: Waiting for purge to start
2025-12-02 17:54:28 0 [Note] InnoDB: 10.4.32 started; log sequence number 2423874; transaction id 5372
2025-12-02 17:54:28 0 [Note] InnoDB: Loading buffer pool(s) from c:\xampp\mysql\data\ib_buffer_pool
2025-12-02 17:54:28 0 [Note] Plugin 'FEEDBACK' is disabled.
2025-12-02 17:54:28 0 [Note] Server socket created on IP: '::'.
2025-12-02 18:24:20 0 [Note] Starting MariaDB 10.4.32-MariaDB source revision c4143f909528e3fab0677a28631d10389354c491 as process 13040
2025-12-02 18:24:20 0 [Note] InnoDB: Mutexes and rw_locks use Windows interlocked functions
2025-12-02 18:24:20 0 [Note] InnoDB: Uses event mutexes
2025-12-02 18:24:20 0 [Note] InnoDB: Compressed tables use zlib 1.3
2025-12-02 18:24:20 0 [Note] InnoDB: Number of pools: 1
2025-12-02 18:24:20 0 [Note] InnoDB: Using SSE2 crc32 instructions
2025-12-02 18:24:20 0 [Note] InnoDB: Initializing buffer pool, total size = 128M, instances = 1, chunk size = 128M
2025-12-02 18:24:20 0 [Note] InnoDB: Completed initialization of buffer pool
2025-12-02 18:24:20 0 [Note] InnoDB: 128 out of 128 rollback segments are active.
2025-12-02 18:24:20 0 [Note] InnoDB: Creating shared tablespace for temporary tables
2025-12-02 18:24:20 0 [Note] InnoDB: Setting file '.\ibtmp1' size to 12 MB. Physically writing the file full; Please wait ...
2025-12-02 18:24:20 0 [Note] InnoDB: File '.\ibtmp1' size is now 12 MB.
2025-12-02 18:24:20 0 [Note] InnoDB: Waiting for purge to start
2025-12-02 18:24:20 0 [Note] InnoDB: 10.4.32 started; log sequence number 2425877; transaction id 5372
2025-12-02 18:24:20 0 [Note] InnoDB: Loading buffer pool(s) from c:\xampp\mysql\data\ib_buffer_pool
2025-12-02 18:24:20 0 [Note] Plugin 'FEEDBACK' is disabled.
2025-12-02 18:24:20 0 [Note] Server socket created on IP: '::'.
2025-12-02 18:24:42 0 [Note] Starting MariaDB 10.4.32-MariaDB source revision c4143f909528e3fab0677a28631d10389354c491 as process 15588
2025-12-02 18:24:42 0 [Note] InnoDB: Mutexes and rw_locks use Windows interlocked functions
2025-12-02 18:24:42 0 [Note] InnoDB: Uses event mutexes
2025-12-02 18:24:42 0 [Note] InnoDB: Compressed tables use zlib 1.3
2025-12-02 18:24:42 0 [Note] InnoDB: Number of pools: 1
2025-12-02 18:24:42 0 [Note] InnoDB: Using SSE2 crc32 instructions
2025-12-02 18:24:42 0 [Note] InnoDB: Initializing buffer pool, total size = 128M, instances = 1, chunk size = 128M
2025-12-02 18:24:42 0 [Note] InnoDB: Completed initialization of buffer pool
2025-12-02 18:24:43 0 [Note] InnoDB: 128 out of 128 rollback segments are active.
2025-12-02 18:24:43 0 [Note] InnoDB: Removed temporary tablespace data file: "ibtmp1"
2025-12-02 18:24:43 0 [Note] InnoDB: Creating shared tablespace for temporary tables
2025-12-02 18:24:43 0 [Note] InnoDB: Setting file '.\ibtmp1' size to 12 MB. Physically writing the file full; Please wait ...
2025-12-02 18:24:43 0 [Note] InnoDB: File '.\ibtmp1' size is now 12 MB.
2025-12-02 18:24:43 0 [Note] InnoDB: Waiting for purge to start
2025-12-02 18:24:43 0 [Note] InnoDB: 10.4.32 started; log sequence number 2425877; transaction id 5372
2025-12-02 18:24:43 0 [Note] InnoDB: Loading buffer pool(s) from c:\xampp\mysql\data\ib_buffer_pool
2025-12-02 18:24:43 0 [Note] Plugin 'FEEDBACK' is disabled.
2025-12-02 18:24:43 0 [Note] Server socket created on IP: '::'.
2025-12-02 18:28:25 0 [Note] Starting MariaDB 10.4.32-MariaDB source revision c4143f909528e3fab0677a28631d10389354c491 as process 15852
2025-12-02 18:28:25 0 [Note] InnoDB: Mutexes and rw_locks use Windows interlocked functions
2025-12-02 18:28:25 0 [Note] InnoDB: Uses event mutexes
2025-12-02 18:28:25 0 [Note] InnoDB: Compressed tables use zlib 1.3
2025-12-02 18:28:25 0 [Note] InnoDB: Number of pools: 1
2025-12-02 18:28:25 0 [Note] InnoDB: Using SSE2 crc32 instructions
2025-12-02 18:28:25 0 [Note] InnoDB: Initializing buffer pool, total size = 128M, instances = 1, chunk size = 128M
2025-12-02 18:28:25 0 [Note] InnoDB: Completed initialization of buffer pool
2025-12-02 18:28:25 0 [Note] InnoDB: 128 out of 128 rollback segments are active.
2025-12-02 18:28:25 0 [Note] InnoDB: Creating shared tablespace for temporary tables
2025-12-02 18:28:25 0 [Note] InnoDB: Setting file '.\ibtmp1' size to 12 MB. Physically writing the file full; Please wait ...
2025-12-02 18:28:25 0 [Note] InnoDB: File '.\ibtmp1' size is now 12 MB.
2025-12-02 18:28:25 0 [Note] InnoDB: Waiting for purge to start
2025-12-02 18:28:25 0 [Note] InnoDB: 10.4.32 started; log sequence number 2425895; transaction id 5372
2025-12-02 18:28:25 0 [Note] InnoDB: Loading buffer pool(s) from c:\xampp\mysql\data\ib_buffer_pool
2025-12-02 18:28:25 0 [Note] Plugin 'FEEDBACK' is disabled.
2025-12-02 18:28:25 0 [Note] Server socket created on IP: '::'.
2025-12-02 18:31:04 0 [Note] Starting MariaDB 10.4.32-MariaDB source revision c4143f909528e3fab0677a28631d10389354c491 as process 1216
2025-12-02 18:31:04 0 [Note] InnoDB: Mutexes and rw_locks use Windows interlocked functions
2025-12-02 18:31:04 0 [Note] InnoDB: Uses event mutexes
2025-12-02 18:31:04 0 [Note] InnoDB: Compressed tables use zlib 1.3
2025-12-02 18:31:04 0 [Note] InnoDB: Number of pools: 1
2025-12-02 18:31:04 0 [Note] InnoDB: Using SSE2 crc32 instructions
2025-12-02 18:31:04 0 [Note] InnoDB: Initializing buffer pool, total size = 128M, instances = 1, chunk size = 128M
2025-12-02 18:31:04 0 [Note] InnoDB: Completed initialization of buffer pool
2025-12-02 18:31:04 0 [Note] InnoDB: 128 out of 128 rollback segments are active.
2025-12-02 18:31:04 0 [Note] InnoDB: Removed temporary tablespace data file: "ibtmp1"
2025-12-02 18:31:04 0 [Note] InnoDB: Creating shared tablespace for temporary tables
2025-12-02 18:31:04 0 [Note] InnoDB: Setting file '.\ibtmp1' size to 12 MB. Physically writing the file full; Please wait ...
2025-12-02 18:31:04 0 [Note] InnoDB: File '.\ibtmp1' size is now 12 MB.
2025-12-02 18:31:04 0 [Note] InnoDB: Waiting for purge to start
2025-12-02 18:31:05 0 [Note] InnoDB: 10.4.32 started; log sequence number 2425904; transaction id 5372
2025-12-02 18:31:05 0 [Note] InnoDB: Loading buffer pool(s) from c:\xampp\mysql\data\ib_buffer_pool
2025-12-02 18:31:05 0 [Note] Plugin 'FEEDBACK' is disabled.
2025-12-02 18:31:05 0 [Note] Server socket created on IP: '::'.
2025-12-02 18:31:26 0 [Note] Starting MariaDB 10.4.32-MariaDB source revision c4143f909528e3fab0677a28631d10389354c491 as process 2996
2025-12-02 18:31:26 0 [Note] InnoDB: Mutexes and rw_locks use Windows interlocked functions
2025-12-02 18:31:26 0 [Note] InnoDB: Uses event mutexes
2025-12-02 18:31:26 0 [Note] InnoDB: Compressed tables use zlib 1.3
2025-12-02 18:31:26 0 [Note] InnoDB: Number of pools: 1
2025-12-02 18:31:26 0 [Note] InnoDB: Using SSE2 crc32 instructions
2025-12-02 18:31:26 0 [Note] InnoDB: Initializing buffer pool, total size = 128M, instances = 1, chunk size = 128M
2025-12-02 18:31:26 0 [Note] InnoDB: Completed initialization of buffer pool
2025-12-02 18:31:26 0 [Note] InnoDB: 128 out of 128 rollback segments are active.
2025-12-02 18:31:26 0 [Note] InnoDB: Creating shared tablespace for temporary tables
2025-12-02 18:31:26 0 [Note] InnoDB: Setting file '.\ibtmp1' size to 12 MB. Physically writing the file full; Please wait ...
2025-12-02 18:31:26 0 [Note] InnoDB: File '.\ibtmp1' size is now 12 MB.
2025-12-02 18:31:26 0 [Note] InnoDB: Waiting for purge to start
2025-12-02 18:31:27 0 [Note] InnoDB: 10.4.32 started; log sequence number 2425913; transaction id 5372
2025-12-02 18:31:27 0 [Note] InnoDB: Loading buffer pool(s) from c:\xampp\mysql\data\ib_buffer_pool
2025-12-02 18:31:27 0 [Note] Plugin 'FEEDBACK' is disabled.
2025-12-02 18:31:27 0 [Note] Server socket created on IP: '::'.
